<?xml version="1.0" encoding="UTF-8"?>
<!-- Generated by org.testng.reporters.JUnitReportReporter -->
<testsuite hostname="localhosts" failures="0" tests="1" name="Campaign.CreateCampaignsTest" time="106.199" errors="0" timestamp="2024-07-11T17:50:43 IST" skipped="0">
  <testcase classname="Campaign.CreateCampaignsTest" name="CreateCampaignsTest" time="106.199"/>
  <system-out/>
</testsuite> <!-- Campaign.CreateCampaignsTest -->
