<?xml version="1.0" encoding="UTF-8"?>
<!-- Generated by org.testng.reporters.JUnitReportReporter -->
<testsuite hostname="localhosts" failures="0" tests="5" name="TestNG.SampleTestNG" time="0.024" errors="0" timestamp="2024-07-03T12:42:54 IST" skipped="1">
  <testcase classname="TestNG.SampleTestNG" name="createProduct" time="0.002"/>
  <system-out/>
  <testcase classname="TestNG.SampleTestNG" name="createProduct" time="0.016"/>
  <system-out/>
  <testcase classname="TestNG.SampleTestNG" name="createProduct" time="0.003"/>
  <system-out/>
  <testcase classname="TestNG.SampleTestNG" name="modifyProduct" time="0.003"/>
  <system-out/>
  <testcase classname="TestNG.SampleTestNG" name="deleteProduct">
    <skipped/>
  </testcase> <!-- deleteProduct -->
  <system-out/>
</testsuite> <!-- TestNG.SampleTestNG -->
