<?xml version="1.0" encoding="UTF-8"?>
<!-- Generated by org.testng.reporters.JUnitReportReporter -->
<testsuite hostname="localhosts" failures="0" tests="1" name="Campaign.CreateCampaignsTest" time="26.995" errors="0" timestamp="2024-07-11T20:18:56 IST" skipped="0">
  <testcase classname="Campaign.CreateCampaignsTest" name="CreateCampaignsTest" time="26.995"/>
  <system-out/>
</testsuite> <!-- Campaign.CreateCampaignsTest -->
